# JRE version: Java(TM) SE Runtime Environment (8.0_121-b13) (build 1.8.0_121-b13)
# Java VM: Java HotSpot(TM) 64-Bit Server VM (25.121-b13 mixed mode windows-amd64 compressed oops)
Heap:
 PSYoungGen      total 24576K, used 22759K [0x00000000d5900000, 0x00000000d7e00000, 0x0000000100000000)
  eden space 24064K, 94% used [0x00000000d5900000,0x00000000d6f21d18,0x00000000d7080000)
  from space 512K, 18% used [0x00000000d7d80000,0x00000000d7d98000,0x00000000d7e00000)
  to   space 512K, 0% used [0x00000000d7d00000,0x00000000d7d00000,0x00000000d7d80000)
 ParOldGen       total 87552K, used 30905K [0x0000000080a00000, 0x0000000085f80000, 0x00000000d5900000)
  object space 87552K, 35% used [0x0000000080a00000,0x000000008282e590,0x0000000085f80000)
 Metaspace       used 20749K, capacity 20958K, committed 21296K, reserved 1069056K
  class space    used 2270K, capacity 2353K, committed 2432K, reserved 1048576K
GC Heap History (10 events):
Event: 4377.260 GC heap before
{Heap before GC invocations=15412 (full 0):
 PSYoungGen      total 24576K, used 24160K [0x00000000d5900000, 0x00000000d7e00000, 0x0000000100000000)
  eden space 24064K, 100% used [0x00000000d5900000,0x00000000d7080000,0x00000000d7080000)
  from space 512K, 18% used [0x00000000d7d00000,0x00000000d7d18000,0x00000000d7d80000)
  to   space 512K, 0% used [0x00000000d7d80000,0x00000000d7d80000,0x00000000d7e00000)
 ParOldGen       total 87552K, used 30905K [0x0000000080a00000, 0x0000000085f80000, 0x00000000d5900000)
  object space 87552K, 35% used [0x0000000080a00000,0x000000008282e590,0x0000000085f80000)
 Metaspace       used 20734K, capacity 20958K, committed 21296K, reserved 1069056K
  class space    used 2267K, capacity 2353K, committed 2432K, reserved 1048576K
Event: 4377.261 GC heap after
Heap after GC invocations=15412 (full 0):
 PSYoungGen      total 24576K, used 96K [0x00000000d5900000, 0x00000000d7e00000, 0x0000000100000000)
  eden space 24064K, 0% used [0x00000000d5900000,0x00000000d5900000,0x00000000d7080000)
  from space 512K, 18% used [0x00000000d7d80000,0x00000000d7d98000,0x00000000d7e00000)
  to   space 512K, 0% used [0x00000000d7d00000,0x00000000d7d00000,0x00000000d7d80000)
 ParOldGen       total 87552K, used 30905K [0x0000000080a00000, 0x0000000085f80000, 0x00000000d5900000)
  object space 87552K, 35% used [0x0000000080a00000,0x000000008282e590,0x0000000085f80000)
 Metaspace       used 20734K, capacity 20958K, committed 21296K, reserved 1069056K
  class space    used 2267K, capacity 2353K, committed 2432K, reserved 1048576K
}
Event: 4377.567 GC heap before
{Heap before GC invocations=15413 (full 0):
 PSYoungGen      total 24576K, used 24160K [0x00000000d5900000, 0x00000000d7e00000, 0x0000000100000000)
  eden space 24064K, 100% used [0x00000000d5900000,0x00000000d7080000,0x00000000d7080000)
  from space 512K, 18% used [0x00000000d7d80000,0x00000000d7d98000,0x00000000d7e00000)
  to   space 512K, 0% used [0x00000000d7d00000,0x00000000d7d00000,0x00000000d7d80000)
 ParOldGen       total 87552K, used 30905K [0x0000000080a00000, 0x0000000085f80000, 0x00000000d5900000)
  object space 87552K, 35% used [0x0000000080a00000,0x000000008282e590,0x0000000085f80000)
 Metaspace       used 20734K, capacity 20958K, committed 21296K, reserved 1069056K
  class space    used 2267K, capacity 2353K, committed 2432K, reserved 1048576K
Event: 4377.568 GC heap after
Heap after GC invocations=15413 (full 0):
 PSYoungGen      total 24576K, used 96K [0x00000000d5900000, 0x00000000d7e00000, 0x0000000100000000)
  eden space 24064K, 0% used [0x00000000d5900000,0x00000000d5900000,0x00000000d7080000)
  from space 512K, 18% used [0x00000000d7d00000,0x00000000d7d18000,0x00000000d7d80000)
  to   space 512K, 0% used [0x00000000d7d80000,0x00000000d7d80000,0x00000000d7e00000)
 ParOldGen       total 87552K, used 30905K [0x0000000080a00000, 0x0000000085f80000, 0x00000000d5900000)
  object space 87552K, 35% used [0x0000000080a00000,0x000000008282e590,0x0000000085f80000)
 Metaspace       used 20734K, capacity 20958K, committed 21296K, reserved 1069056K
  class space    used 2267K, capacity 2353K, committed 2432K, reserved 1048576K
}
Event: 4377.869 GC heap before
{Heap before GC invocations=15414 (full 0):
 PSYoungGen      total 24576K, used 24160K [0x00000000d5900000, 0x00000000d7e00000, 0x0000000100000000)
  eden space 24064K, 100% used [0x00000000d5900000,0x00000000d7080000,0x00000000d7080000)
  from space 512K, 18% used [0x00000000d7d00000,0x00000000d7d18000,0x00000000d7d80000)
  to   space 512K, 0% used [0x00000000d7d80000,0x00000000d7d80000,0x00000000d7e00000)
 ParOldGen       total 87552K, used 30905K [0x0000000080a00000, 0x0000000085f80000, 0x00000000d5900000)
  object space 87552K, 35% used [0x0000000080a00000,0x000000008282e590,0x0000000085f80000)
 Metaspace       used 20734K, capacity 20958K, committed 21296K, reserved 1069056K
  class space    used 2267K, capacity 2353K, committed 2432K, reserved 1048576K
Event: 4377.869 GC heap after
Heap after GC invocations=15414 (full 0):
 PSYoungGen      total 24576K, used 96K [0x00000000d5900000, 0x00000000d7e00000, 0x0000000100000000)
  eden space 24064K, 0% used [0x00000000d5900000,0x00000000d5900000,0x00000000d7080000)
  from space 512K, 18% used [0x00000000d7d80000,0x00000000d7d98000,0x00000000d7e00000)
  to   space 512K, 0% used [0x00000000d7d00000,0x00000000d7d00000,0x00000000d7d80000)
 ParOldGen       total 87552K, used 30905K [0x0000000080a00000, 0x0000000085f80000, 0x00000000d5900000)
  object space 87552K, 35% used [0x0000000080a00000,0x000000008282e590,0x0000000085f80000)
 Metaspace       used 20734K, capacity 20958K, committed 21296K, reserved 1069056K
  class space    used 2267K, capacity 2353K, committed 2432K, reserved 1048576K
}
Event: 4378.157 GC heap before
{Heap before GC invocations=15415 (full 0):
 PSYoungGen      total 24576K, used 24160K [0x00000000d5900000, 0x00000000d7e00000, 0x0000000100000000)
  eden space 24064K, 100% used [0x00000000d5900000,0x00000000d7080000,0x00000000d7080000)
  from space 512K, 18% used [0x00000000d7d80000,0x00000000d7d98000,0x00000000d7e00000)
  to   space 512K, 0% used [0x00000000d7d00000,0x00000000d7d00000,0x00000000d7d80000)
 ParOldGen       total 87552K, used 30905K [0x0000000080a00000, 0x0000000085f80000, 0x00000000d5900000)
  object space 87552K, 35% used [0x0000000080a00000,0x000000008282e590,0x0000000085f80000)
 Metaspace       used 20734K, capacity 20958K, committed 21296K, reserved 1069056K
  class space    used 2267K, capacity 2353K, committed 2432K, reserved 1048576K
Event: 4378.158 GC heap after
Heap after GC invocations=15415 (full 0):
 PSYoungGen      total 24576K, used 96K [0x00000000d5900000, 0x00000000d7e00000, 0x0000000100000000)
  eden space 24064K, 0% used [0x00000000d5900000,0x00000000d5900000,0x00000000d7080000)
  from space 512K, 18% used [0x00000000d7d00000,0x00000000d7d18000,0x00000000d7d80000)
  to   space 512K, 0% used [0x00000000d7d80000,0x00000000d7d80000,0x00000000d7e00000)
 ParOldGen       total 87552K, used 30905K [0x0000000080a00000, 0x0000000085f80000, 0x00000000d5900000)
  object space 87552K, 35% used [0x0000000080a00000,0x000000008282e590,0x0000000085f80000)
 Metaspace       used 20734K, capacity 20958K, committed 21296K, reserved 1069056K
  class space    used 2267K, capacity 2353K, committed 2432K, reserved 1048576K
}
Event: 4378.446 GC heap before
{Heap before GC invocations=15416 (full 0):
 PSYoungGen      total 24576K, used 24159K [0x00000000d5900000, 0x00000000d7e00000, 0x0000000100000000)
  eden space 24064K, 99% used [0x00000000d5900000,0x00000000d707ffb8,0x00000000d7080000)
  from space 512K, 18% used [0x00000000d7d00000,0x00000000d7d18000,0x00000000d7d80000)
  to   space 512K, 0% used [0x00000000d7d80000,0x00000000d7d80000,0x00000000d7e00000)
 ParOldGen       total 87552K, used 30905K [0x0000000080a00000, 0x0000000085f80000, 0x00000000d5900000)
  object space 87552K, 35% used [0x0000000080a00000,0x000000008282e590,0x0000000085f80000)
 Metaspace       used 20734K, capacity 20958K, committed 21296K, reserved 1069056K
  class space    used 2267K, capacity 2353K, committed 2432K, reserved 1048576K
Event: 4378.447 GC heap after
Heap after GC invocations=15416 (full 0):
 PSYoungGen      total 24576K, used 96K [0x00000000d5900000, 0x00000000d7e00000, 0x0000000100000000)
  eden space 24064K, 0% used [0x00000000d5900000,0x00000000d5900000,0x00000000d7080000)
  from space 512K, 18% used [0x00000000d7d80000,0x00000000d7d98000,0x00000000d7e00000)
  to   space 512K, 0% used [0x00000000d7d00000,0x00000000d7d00000,0x00000000d7d80000)
 ParOldGen       total 87552K, used 30905K [0x0000000080a00000, 0x0000000085f80000, 0x00000000d5900000)
  object space 87552K, 35% used [0x0000000080a00000,0x000000008282e590,0x0000000085f80000)
 Metaspace       used 20734K, capacity 20958K, committed 21296K, reserved 1069056K
  class space    used 2267K, capacity 2353K, committed 2432K, reserved 1048576K
}

